{"/Users/tanasatit/personal project/barvidva-kasetfair/frontend/src/components/MenuSelector.tsx": {"path":"/Users/tanasatit/personal project/barvidva-kasetfair/frontend/src/components/MenuSelector.tsx","statementMap":{"0":{"start":{"line":13,"column":30},"end":{"line":13,"column":null}},"1":{"start":{"line":16,"column":19},"end":{"line":16,"column":null}},"2":{"start":{"line":18,"column":2},"end":{"line":24,"column":null}},"3":{"start":{"line":23,"column":21},"end":{"line":23,"column":null}},"4":{"start":{"line":29,"column":22},"end":{"line":32,"column":null}},"5":{"start":{"line":30,"column":21},"end":{"line":30,"column":null}},"6":{"start":{"line":30,"column":41},"end":{"line":30,"column":69}},"7":{"start":{"line":31,"column":4},"end":{"line":31,"column":null}},"8":{"start":{"line":34,"column":25},"end":{"line":67,"column":null}},"9":{"start":{"line":36,"column":4},"end":{"line":36,"column":null}},"10":{"start":{"line":36,"column":29},"end":{"line":36,"column":null}},"11":{"start":{"line":38,"column":23},"end":{"line":38,"column":null}},"12":{"start":{"line":39,"column":19},"end":{"line":39,"column":null}},"13":{"start":{"line":41,"column":4},"end":{"line":66,"column":null}},"14":{"start":{"line":43,"column":6},"end":{"line":43,"column":null}},"15":{"start":{"line":43,"column":41},"end":{"line":43,"column":74}},"16":{"start":{"line":45,"column":28},"end":{"line":47,"column":null}},"17":{"start":{"line":46,"column":18},"end":{"line":46,"column":null}},"18":{"start":{"line":49,"column":6},"end":{"line":65,"column":null}},"19":{"start":{"line":51,"column":24},"end":{"line":51,"column":null}},"20":{"start":{"line":52,"column":8},"end":{"line":52,"column":null}},"21":{"start":{"line":53,"column":8},"end":{"line":53,"column":null}},"22":{"start":{"line":56,"column":8},"end":{"line":64,"column":null}},"23":{"start":{"line":70,"column":25},"end":{"line":70,"column":null}},"24":{"start":{"line":70,"column":46},"end":{"line":70,"column":60}},"25":{"start":{"line":71,"column":27},"end":{"line":71,"column":null}},"26":{"start":{"line":71,"column":48},"end":{"line":71,"column":63}},"27":{"start":{"line":73,"column":2},"end":{"line":153,"column":null}},"28":{"start":{"line":79,"column":27},"end":{"line":79,"column":null}},"29":{"start":{"line":80,"column":10},"end":{"line":122,"column":null}},"30":{"start":{"line":100,"column":33},"end":{"line":100,"column":null}},"31":{"start":{"line":114,"column":33},"end":{"line":114,"column":null}},"32":{"start":{"line":130,"column":14},"end":{"line":148,"column":null}}},"fnMap":{"0":{"name":"MenuItemImage","decl":{"start":{"line":12,"column":9},"end":{"line":12,"column":23}},"loc":{"start":{"line":12,"column":80},"end":{"line":26,"column":null}},"line":12},"1":{"name":"(anonymous_1)","decl":{"start":{"line":23,"column":15},"end":{"line":23,"column":21}},"loc":{"start":{"line":23,"column":21},"end":{"line":23,"column":null}},"line":23},"2":{"name":"MenuSelector","decl":{"start":{"line":28,"column":16},"end":{"line":28,"column":29}},"loc":{"start":{"line":28,"column":104},"end":{"line":155,"column":null}},"line":28},"3":{"name":"(anonymous_3)","decl":{"start":{"line":29,"column":22},"end":{"line":29,"column":23}},"loc":{"start":{"line":29,"column":50},"end":{"line":32,"column":null}},"line":29},"4":{"name":"(anonymous_4)","decl":{"start":{"line":30,"column":31},"end":{"line":30,"column":32}},"loc":{"start":{"line":30,"column":41},"end":{"line":30,"column":69}},"line":30},"5":{"name":"(anonymous_5)","decl":{"start":{"line":34,"column":25},"end":{"line":34,"column":26}},"loc":{"start":{"line":34,"column":64},"end":{"line":67,"column":null}},"line":34},"6":{"name":"(anonymous_6)","decl":{"start":{"line":43,"column":31},"end":{"line":43,"column":32}},"loc":{"start":{"line":43,"column":41},"end":{"line":43,"column":74}},"line":43},"7":{"name":"(anonymous_7)","decl":{"start":{"line":46,"column":8},"end":{"line":46,"column":9}},"loc":{"start":{"line":46,"column":18},"end":{"line":46,"column":null}},"line":46},"8":{"name":"(anonymous_8)","decl":{"start":{"line":70,"column":38},"end":{"line":70,"column":46}},"loc":{"start":{"line":70,"column":46},"end":{"line":70,"column":60}},"line":70},"9":{"name":"(anonymous_9)","decl":{"start":{"line":71,"column":40},"end":{"line":71,"column":48}},"loc":{"start":{"line":71,"column":48},"end":{"line":71,"column":63}},"line":71},"10":{"name":"(anonymous_10)","decl":{"start":{"line":78,"column":28},"end":{"line":78,"column":29}},"loc":{"start":{"line":78,"column":38},"end":{"line":124,"column":9}},"line":78},"11":{"name":"(anonymous_11)","decl":{"start":{"line":100,"column":27},"end":{"line":100,"column":33}},"loc":{"start":{"line":100,"column":33},"end":{"line":100,"column":null}},"line":100},"12":{"name":"(anonymous_12)","decl":{"start":{"line":114,"column":27},"end":{"line":114,"column":33}},"loc":{"start":{"line":114,"column":33},"end":{"line":114,"column":null}},"line":114},"13":{"name":"(anonymous_13)","decl":{"start":{"line":129,"column":34},"end":{"line":129,"column":35}},"loc":{"start":{"line":130,"column":14},"end":{"line":148,"column":null}},"line":130}},"branchMap":{"0":{"loc":{"start":{"line":16,"column":19},"end":{"line":16,"column":null}},"type":"cond-expr","locations":[{"start":{"line":16,"column":43},"end":{"line":16,"column":76}},{"start":{"line":16,"column":76},"end":{"line":16,"column":null}}],"line":16},"1":{"loc":{"start":{"line":16,"column":19},"end":{"line":16,"column":43}},"type":"binary-expr","locations":[{"start":{"line":16,"column":19},"end":{"line":16,"column":31}},{"start":{"line":16,"column":31},"end":{"line":16,"column":43}}],"line":16},"2":{"loc":{"start":{"line":28,"column":58},"end":{"line":28,"column":82}},"type":"default-arg","locations":[{"start":{"line":28,"column":76},"end":{"line":28,"column":82}}],"line":28},"3":{"loc":{"start":{"line":31,"column":11},"end":{"line":31,"column":null}},"type":"binary-expr","locations":[{"start":{"line":31,"column":11},"end":{"line":31,"column":33}},{"start":{"line":31,"column":33},"end":{"line":31,"column":null}}],"line":31},"4":{"loc":{"start":{"line":36,"column":4},"end":{"line":36,"column":null}},"type":"if","locations":[{"start":{"line":36,"column":4},"end":{"line":36,"column":null}},{"start":{},"end":{}}],"line":36},"5":{"loc":{"start":{"line":41,"column":4},"end":{"line":66,"column":null}},"type":"if","locations":[{"start":{"line":41,"column":4},"end":{"line":66,"column":null}},{"start":{"line":44,"column":11},"end":{"line":66,"column":null}}],"line":41},"6":{"loc":{"start":{"line":49,"column":6},"end":{"line":65,"column":null}},"type":"if","locations":[{"start":{"line":49,"column":6},"end":{"line":65,"column":null}},{"start":{"line":54,"column":13},"end":{"line":65,"column":null}}],"line":49},"7":{"loc":{"start":{"line":84,"column":16},"end":{"line":86,"column":null}},"type":"cond-expr","locations":[{"start":{"line":85,"column":20},"end":{"line":85,"column":null}},{"start":{"line":86,"column":20},"end":{"line":86,"column":null}}],"line":84},"8":{"loc":{"start":{"line":127,"column":9},"end":{"line":150,"column":null}},"type":"binary-expr","locations":[{"start":{"line":127,"column":9},"end":{"line":127,"column":28}},{"start":{"line":127,"column":28},"end":{"line":127,"column":null}},{"start":{"line":128,"column":10},"end":{"line":150,"column":null}}],"line":127}},"s":{"0":111,"1":111,"2":111,"3":0,"4":55,"5":122,"6":67,"7":122,"8":55,"9":12,"10":0,"11":12,"12":12,"13":12,"14":1,"15":1,"16":11,"17":3,"18":11,"19":2,"20":2,"21":2,"22":9,"23":55,"24":120,"25":55,"26":120,"27":55,"28":110,"29":110,"30":2,"31":10,"32":1},"f":{"0":111,"1":0,"2":55,"3":122,"4":67,"5":12,"6":1,"7":3,"8":120,"9":120,"10":110,"11":2,"12":10,"13":1},"b":{"0":[111,0],"1":[111,111],"2":[55],"3":[122,87],"4":[0,12],"5":[1,11],"6":[2,9],"7":[32,78],"8":[55,46,1]},"meta":{"lastBranch":9,"lastFunction":14,"lastStatement":33,"seen":{"f:12:9:12:23":0,"s:13:30:13:Infinity":0,"s:16:19:16:Infinity":1,"b:16:43:16:76:16:76:16:Infinity":0,"b:16:19:16:31:16:31:16:43":1,"s:18:2:24:Infinity":2,"f:23:15:23:21":1,"s:23:21:23:Infinity":3,"f:28:16:28:29":2,"b:28:76:28:82":2,"s:29:22:32:Infinity":4,"f:29:22:29:23":3,"s:30:21:30:Infinity":5,"f:30:31:30:32":4,"s:30:41:30:69":6,"s:31:4:31:Infinity":7,"b:31:11:31:33:31:33:31:Infinity":3,"s:34:25:67:Infinity":8,"f:34:25:34:26":5,"b:36:4:36:Infinity:undefined:undefined:undefined:undefined":4,"s:36:4:36:Infinity":9,"s:36:29:36:Infinity":10,"s:38:23:38:Infinity":11,"s:39:19:39:Infinity":12,"b:41:4:66:Infinity:44:11:66:Infinity":5,"s:41:4:66:Infinity":13,"s:43:6:43:Infinity":14,"f:43:31:43:32":6,"s:43:41:43:74":15,"s:45:28:47:Infinity":16,"f:46:8:46:9":7,"s:46:18:46:Infinity":17,"b:49:6:65:Infinity:54:13:65:Infinity":6,"s:49:6:65:Infinity":18,"s:51:24:51:Infinity":19,"s:52:8:52:Infinity":20,"s:53:8:53:Infinity":21,"s:56:8:64:Infinity":22,"s:70:25:70:Infinity":23,"f:70:38:70:46":8,"s:70:46:70:60":24,"s:71:27:71:Infinity":25,"f:71:40:71:48":9,"s:71:48:71:63":26,"s:73:2:153:Infinity":27,"f:78:28:78:29":10,"s:79:27:79:Infinity":28,"s:80:10:122:Infinity":29,"b:85:20:85:Infinity:86:20:86:Infinity":7,"f:100:27:100:33":11,"s:100:33:100:Infinity":30,"f:114:27:114:33":12,"s:114:33:114:Infinity":31,"b:127:9:127:28:127:28:127:Infinity:128:10:150:Infinity":8,"f:129:34:129:35":13,"s:130:14:148:Infinity":32}}}
,"/Users/tanasatit/personal project/barvidva-kasetfair/frontend/src/components/NameInput.tsx": {"path":"/Users/tanasatit/personal project/barvidva-kasetfair/frontend/src/components/NameInput.tsx","statementMap":{"0":{"start":{"line":11,"column":28},"end":{"line":11,"column":null}},"1":{"start":{"line":13,"column":21},"end":{"line":15,"column":null}},"2":{"start":{"line":14,"column":4},"end":{"line":14,"column":null}},"3":{"start":{"line":17,"column":26},"end":{"line":17,"column":null}},"4":{"start":{"line":18,"column":23},"end":{"line":18,"column":null}},"5":{"start":{"line":20,"column":2},"end":{"line":51,"column":null}},"6":{"start":{"line":32,"column":25},"end":{"line":32,"column":null}}},"fnMap":{"0":{"name":"NameInput","decl":{"start":{"line":10,"column":16},"end":{"line":10,"column":26}},"loc":{"start":{"line":10,"column":70},"end":{"line":53,"column":null}},"line":10},"1":{"name":"(anonymous_1)","decl":{"start":{"line":13,"column":21},"end":{"line":13,"column":27}},"loc":{"start":{"line":13,"column":27},"end":{"line":15,"column":null}},"line":13},"2":{"name":"(anonymous_2)","decl":{"start":{"line":32,"column":18},"end":{"line":32,"column":19}},"loc":{"start":{"line":32,"column":25},"end":{"line":32,"column":null}},"line":32}},"branchMap":{"0":{"loc":{"start":{"line":17,"column":26},"end":{"line":17,"column":null}},"type":"cond-expr","locations":[{"start":{"line":17,"column":26},"end":{"line":17,"column":66}},{"start":{"line":17,"column":66},"end":{"line":17,"column":null}}],"line":17},"1":{"loc":{"start":{"line":18,"column":23},"end":{"line":18,"column":null}},"type":"binary-expr","locations":[{"start":{"line":18,"column":23},"end":{"line":18,"column":32}},{"start":{"line":18,"column":32},"end":{"line":18,"column":null}}],"line":18},"2":{"loc":{"start":{"line":37,"column":10},"end":{"line":39,"column":null}},"type":"cond-expr","locations":[{"start":{"line":38,"column":14},"end":{"line":38,"column":null}},{"start":{"line":39,"column":14},"end":{"line":39,"column":null}}],"line":37},"3":{"loc":{"start":{"line":41,"column":26},"end":{"line":41,"column":null}},"type":"cond-expr","locations":[{"start":{"line":41,"column":41},"end":{"line":41,"column":56}},{"start":{"line":41,"column":56},"end":{"line":41,"column":null}}],"line":41},"4":{"loc":{"start":{"line":43,"column":7},"end":{"line":46,"column":null}},"type":"binary-expr","locations":[{"start":{"line":43,"column":7},"end":{"line":43,"column":null}},{"start":{"line":44,"column":8},"end":{"line":46,"column":null}}],"line":43}},"s":{"0":64,"1":64,"2":7,"3":64,"4":64,"5":64,"6":22},"f":{"0":64,"1":7,"2":22},"b":{"0":[11,53],"1":[64,63],"2":[6,58],"3":[6,58],"4":[64,6]},"meta":{"lastBranch":5,"lastFunction":3,"lastStatement":7,"seen":{"f:10:16:10:26":0,"s:11:28:11:Infinity":0,"s:13:21:15:Infinity":1,"f:13:21:13:27":1,"s:14:4:14:Infinity":2,"s:17:26:17:Infinity":3,"b:17:26:17:66:17:66:17:Infinity":0,"s:18:23:18:Infinity":4,"b:18:23:18:32:18:32:18:Infinity":1,"s:20:2:51:Infinity":5,"f:32:18:32:19":2,"s:32:25:32:Infinity":6,"b:38:14:38:Infinity:39:14:39:Infinity":2,"b:41:41:41:56:41:56:41:Infinity":3,"b:43:7:43:Infinity:44:8:46:Infinity":4}}}
,"/Users/tanasatit/personal project/barvidva-kasetfair/frontend/src/components/OrderSummary.tsx": {"path":"/Users/tanasatit/personal project/barvidva-kasetfair/frontend/src/components/OrderSummary.tsx","statementMap":{"0":{"start":{"line":17,"column":8},"end":{"line":17,"column":null}},"1":{"start":{"line":18,"column":19},"end":{"line":18,"column":null}},"2":{"start":{"line":20,"column":2},"end":{"line":87,"column":null}},"3":{"start":{"line":27,"column":12},"end":{"line":38,"column":null}}},"fnMap":{"0":{"name":"OrderSummary","decl":{"start":{"line":11,"column":16},"end":{"line":11,"column":29}},"loc":{"start":{"line":16,"column":22},"end":{"line":89,"column":null}},"line":16},"1":{"name":"(anonymous_1)","decl":{"start":{"line":26,"column":21},"end":{"line":26,"column":22}},"loc":{"start":{"line":27,"column":12},"end":{"line":38,"column":null}},"line":27}},"branchMap":{"0":{"loc":{"start":{"line":24,"column":7},"end":{"line":51,"column":null}},"type":"cond-expr","locations":[{"start":{"line":25,"column":8},"end":{"line":47,"column":null}},{"start":{"line":49,"column":8},"end":{"line":51,"column":null}}],"line":24},"1":{"loc":{"start":{"line":57,"column":18},"end":{"line":57,"column":null}},"type":"binary-expr","locations":[{"start":{"line":57,"column":18},"end":{"line":57,"column":30}},{"start":{"line":57,"column":30},"end":{"line":57,"column":46}},{"start":{"line":57,"column":46},"end":{"line":57,"column":null}}],"line":57},"2":{"loc":{"start":{"line":60,"column":9},"end":{"line":84,"column":null}},"type":"cond-expr","locations":[{"start":{"line":61,"column":10},"end":{"line":82,"column":null}},{"start":{"line":84,"column":10},"end":{"line":84,"column":null}}],"line":60}},"s":{"0":57,"1":57,"2":57,"3":43},"f":{"0":57,"1":43},"b":{"0":[34,23],"1":[57,23,19],"2":[4,53]},"meta":{"lastBranch":3,"lastFunction":2,"lastStatement":4,"seen":{"f:11:16:11:29":0,"s:17:8:17:Infinity":0,"s:18:19:18:Infinity":1,"s:20:2:87:Infinity":2,"b:25:8:47:Infinity:49:8:51:Infinity":0,"f:26:21:26:22":1,"s:27:12:38:Infinity":3,"b:57:18:57:30:57:30:57:46:57:46:57:Infinity":1,"b:61:10:82:Infinity:84:10:84:Infinity":2}}}
,"/Users/tanasatit/personal project/barvidva-kasetfair/frontend/src/pages/CustomerOrder.tsx": {"path":"/Users/tanasatit/personal project/barvidva-kasetfair/frontend/src/pages/CustomerOrder.tsx","statementMap":{"0":{"start":{"line":18,"column":8},"end":{"line":18,"column":null}},"1":{"start":{"line":19,"column":22},"end":{"line":19,"column":null}},"2":{"start":{"line":20,"column":38},"end":{"line":20,"column":null}},"3":{"start":{"line":21,"column":38},"end":{"line":21,"column":null}},"4":{"start":{"line":22,"column":24},"end":{"line":22,"column":null}},"5":{"start":{"line":23,"column":38},"end":{"line":23,"column":null}},"6":{"start":{"line":25,"column":57},"end":{"line":25,"column":null}},"7":{"start":{"line":26,"column":33},"end":{"line":26,"column":null}},"8":{"start":{"line":27,"column":8},"end":{"line":27,"column":null}},"9":{"start":{"line":29,"column":23},"end":{"line":67,"column":null}},"10":{"start":{"line":31,"column":10},"end":{"line":31,"column":null}},"11":{"start":{"line":32,"column":4},"end":{"line":35,"column":null}},"12":{"start":{"line":33,"column":6},"end":{"line":33,"column":null}},"13":{"start":{"line":34,"column":6},"end":{"line":34,"column":null}},"14":{"start":{"line":37,"column":4},"end":{"line":40,"column":null}},"15":{"start":{"line":38,"column":6},"end":{"line":38,"column":null}},"16":{"start":{"line":39,"column":6},"end":{"line":39,"column":null}},"17":{"start":{"line":42,"column":4},"end":{"line":42,"column":null}},"18":{"start":{"line":43,"column":4},"end":{"line":43,"column":null}},"19":{"start":{"line":45,"column":4},"end":{"line":66,"column":null}},"20":{"start":{"line":46,"column":12},"end":{"line":46,"column":null}},"21":{"start":{"line":49,"column":21},"end":{"line":53,"column":null}},"22":{"start":{"line":55,"column":6},"end":{"line":61,"column":null}},"23":{"start":{"line":57,"column":8},"end":{"line":57,"column":null}},"24":{"start":{"line":58,"column":6},"end":{"line":61,"column":null}},"25":{"start":{"line":60,"column":8},"end":{"line":60,"column":null}},"26":{"start":{"line":63,"column":6},"end":{"line":63,"column":null}},"27":{"start":{"line":65,"column":6},"end":{"line":65,"column":null}},"28":{"start":{"line":70,"column":25},"end":{"line":74,"column":null}},"29":{"start":{"line":71,"column":4},"end":{"line":71,"column":null}},"30":{"start":{"line":72,"column":4},"end":{"line":72,"column":null}},"31":{"start":{"line":73,"column":4},"end":{"line":73,"column":null}},"32":{"start":{"line":77,"column":2},"end":{"line":139,"column":null}},"33":{"start":{"line":78,"column":10},"end":{"line":78,"column":null}},"34":{"start":{"line":79,"column":4},"end":{"line":137,"column":null}},"35":{"start":{"line":142,"column":2},"end":{"line":151,"column":null}},"36":{"start":{"line":143,"column":4},"end":{"line":149,"column":null}},"37":{"start":{"line":154,"column":2},"end":{"line":173,"column":null}},"38":{"start":{"line":155,"column":4},"end":{"line":171,"column":null}},"39":{"start":{"line":165,"column":27},"end":{"line":165,"column":null}},"40":{"start":{"line":175,"column":23},"end":{"line":175,"column":null}},"41":{"start":{"line":177,"column":2},"end":{"line":241,"column":null}}},"fnMap":{"0":{"name":"CustomerOrder","decl":{"start":{"line":17,"column":16},"end":{"line":17,"column":32}},"loc":{"start":{"line":17,"column":32},"end":{"line":243,"column":null}},"line":17},"1":{"name":"(anonymous_1)","decl":{"start":{"line":29,"column":23},"end":{"line":29,"column":35}},"loc":{"start":{"line":29,"column":35},"end":{"line":67,"column":null}},"line":29},"2":{"name":"(anonymous_2)","decl":{"start":{"line":70,"column":25},"end":{"line":70,"column":31}},"loc":{"start":{"line":70,"column":31},"end":{"line":74,"column":null}},"line":70},"3":{"name":"(anonymous_3)","decl":{"start":{"line":165,"column":21},"end":{"line":165,"column":27}},"loc":{"start":{"line":165,"column":27},"end":{"line":165,"column":null}},"line":165}},"branchMap":{"0":{"loc":{"start":{"line":32,"column":4},"end":{"line":35,"column":null}},"type":"if","locations":[{"start":{"line":32,"column":4},"end":{"line":35,"column":null}},{"start":{},"end":{}}],"line":32},"1":{"loc":{"start":{"line":37,"column":4},"end":{"line":40,"column":null}},"type":"if","locations":[{"start":{"line":37,"column":4},"end":{"line":40,"column":null}},{"start":{},"end":{}}],"line":37},"2":{"loc":{"start":{"line":55,"column":6},"end":{"line":61,"column":null}},"type":"if","locations":[{"start":{"line":55,"column":6},"end":{"line":61,"column":null}},{"start":{"line":58,"column":6},"end":{"line":61,"column":null}}],"line":55},"3":{"loc":{"start":{"line":58,"column":6},"end":{"line":61,"column":null}},"type":"if","locations":[{"start":{"line":58,"column":6},"end":{"line":61,"column":null}},{"start":{},"end":{}}],"line":58},"4":{"loc":{"start":{"line":63,"column":15},"end":{"line":63,"column":79}},"type":"cond-expr","locations":[{"start":{"line":63,"column":38},"end":{"line":63,"column":52}},{"start":{"line":63,"column":52},"end":{"line":63,"column":79}}],"line":63},"5":{"loc":{"start":{"line":77,"column":2},"end":{"line":139,"column":null}},"type":"if","locations":[{"start":{"line":77,"column":2},"end":{"line":139,"column":null}},{"start":{},"end":{}}],"line":77},"6":{"loc":{"start":{"line":109,"column":15},"end":{"line":120,"column":null}},"type":"cond-expr","locations":[{"start":{"line":110,"column":16},"end":{"line":113,"column":null}},{"start":{"line":114,"column":18},"end":{"line":120,"column":null}}],"line":109},"7":{"loc":{"start":{"line":114,"column":18},"end":{"line":120,"column":null}},"type":"cond-expr","locations":[{"start":{"line":115,"column":16},"end":{"line":118,"column":null}},{"start":{"line":120,"column":16},"end":{"line":120,"column":null}}],"line":114},"8":{"loc":{"start":{"line":142,"column":2},"end":{"line":151,"column":null}},"type":"if","locations":[{"start":{"line":142,"column":2},"end":{"line":151,"column":null}},{"start":{},"end":{}}],"line":142},"9":{"loc":{"start":{"line":154,"column":2},"end":{"line":173,"column":null}},"type":"if","locations":[{"start":{"line":154,"column":2},"end":{"line":173,"column":null}},{"start":{},"end":{}}],"line":154},"10":{"loc":{"start":{"line":154,"column":6},"end":{"line":154,"column":31}},"type":"binary-expr","locations":[{"start":{"line":154,"column":6},"end":{"line":154,"column":19}},{"start":{"line":154,"column":19},"end":{"line":154,"column":31}}],"line":154},"11":{"loc":{"start":{"line":180,"column":7},"end":{"line":186,"column":null}},"type":"binary-expr","locations":[{"start":{"line":180,"column":7},"end":{"line":180,"column":null}},{"start":{"line":181,"column":8},"end":{"line":186,"column":null}}],"line":180},"12":{"loc":{"start":{"line":199,"column":12},"end":{"line":199,"column":null}},"type":"cond-expr","locations":[{"start":{"line":199,"column":27},"end":{"line":199,"column":62}},{"start":{"line":199,"column":62},"end":{"line":199,"column":null}}],"line":199},"13":{"loc":{"start":{"line":202,"column":14},"end":{"line":202,"column":null}},"type":"cond-expr","locations":[{"start":{"line":202,"column":29},"end":{"line":202,"column":46}},{"start":{"line":202,"column":46},"end":{"line":202,"column":null}}],"line":202},"14":{"loc":{"start":{"line":204,"column":13},"end":{"line":204,"column":null}},"type":"cond-expr","locations":[{"start":{"line":204,"column":28},"end":{"line":204,"column":40}},{"start":{"line":204,"column":40},"end":{"line":204,"column":null}}],"line":204},"15":{"loc":{"start":{"line":212,"column":9},"end":{"line":215,"column":null}},"type":"binary-expr","locations":[{"start":{"line":212,"column":9},"end":{"line":212,"column":null}},{"start":{"line":213,"column":10},"end":{"line":215,"column":null}}],"line":212},"16":{"loc":{"start":{"line":225,"column":17},"end":{"line":225,"column":null}},"type":"cond-expr","locations":[{"start":{"line":225,"column":43},"end":{"line":225,"column":51}},{"start":{"line":225,"column":51},"end":{"line":225,"column":null}}],"line":225},"17":{"loc":{"start":{"line":233,"column":20},"end":{"line":233,"column":null}},"type":"binary-expr","locations":[{"start":{"line":233,"column":20},"end":{"line":233,"column":37}},{"start":{"line":233,"column":37},"end":{"line":233,"column":null}}],"line":233}},"s":{"0":47,"1":47,"2":47,"3":47,"4":47,"5":47,"6":47,"7":47,"8":47,"9":47,"10":2,"11":2,"12":0,"13":0,"14":2,"15":0,"16":0,"17":2,"18":2,"19":2,"20":2,"21":2,"22":1,"23":1,"24":0,"25":0,"26":1,"27":2,"28":47,"29":0,"30":0,"31":0,"32":47,"33":0,"34":0,"35":47,"36":1,"37":46,"38":1,"39":0,"40":45,"41":45},"f":{"0":47,"1":2,"2":0,"3":0},"b":{"0":[0,2],"1":[0,2],"2":[1,0],"3":[0,0],"4":[1,0],"5":[0,47],"6":[0,0],"7":[0,0],"8":[1,46],"9":[1,45],"10":[46,45],"11":[45,1],"12":[44,1],"13":[44,1],"14":[44,1],"15":[47,1],"16":[0,45],"17":[47,17]},"meta":{"lastBranch":18,"lastFunction":4,"lastStatement":42,"seen":{"f:17:16:17:32":0,"s:18:8:18:Infinity":0,"s:19:22:19:Infinity":1,"s:20:38:20:Infinity":2,"s:21:38:21:Infinity":3,"s:22:24:22:Infinity":4,"s:23:38:23:Infinity":5,"s:25:57:25:Infinity":6,"s:26:33:26:Infinity":7,"s:27:8:27:Infinity":8,"s:29:23:67:Infinity":9,"f:29:23:29:35":1,"s:31:10:31:Infinity":10,"b:32:4:35:Infinity:undefined:undefined:undefined:undefined":0,"s:32:4:35:Infinity":11,"s:33:6:33:Infinity":12,"s:34:6:34:Infinity":13,"b:37:4:40:Infinity:undefined:undefined:undefined:undefined":1,"s:37:4:40:Infinity":14,"s:38:6:38:Infinity":15,"s:39:6:39:Infinity":16,"s:42:4:42:Infinity":17,"s:43:4:43:Infinity":18,"s:45:4:66:Infinity":19,"s:46:12:46:Infinity":20,"s:49:21:53:Infinity":21,"b:55:6:61:Infinity:58:6:61:Infinity":2,"s:55:6:61:Infinity":22,"s:57:8:57:Infinity":23,"b:58:6:61:Infinity:undefined:undefined:undefined:undefined":3,"s:58:6:61:Infinity":24,"s:60:8:60:Infinity":25,"s:63:6:63:Infinity":26,"b:63:38:63:52:63:52:63:79":4,"s:65:6:65:Infinity":27,"s:70:25:74:Infinity":28,"f:70:25:70:31":2,"s:71:4:71:Infinity":29,"s:72:4:72:Infinity":30,"s:73:4:73:Infinity":31,"b:77:2:139:Infinity:undefined:undefined:undefined:undefined":5,"s:77:2:139:Infinity":32,"s:78:10:78:Infinity":33,"s:79:4:137:Infinity":34,"b:110:16:113:Infinity:114:18:120:Infinity":6,"b:115:16:118:Infinity:120:16:120:Infinity":7,"b:142:2:151:Infinity:undefined:undefined:undefined:undefined":8,"s:142:2:151:Infinity":35,"s:143:4:149:Infinity":36,"b:154:2:173:Infinity:undefined:undefined:undefined:undefined":9,"s:154:2:173:Infinity":37,"b:154:6:154:19:154:19:154:31":10,"s:155:4:171:Infinity":38,"f:165:21:165:27":3,"s:165:27:165:Infinity":39,"s:175:23:175:Infinity":40,"s:177:2:241:Infinity":41,"b:180:7:180:Infinity:181:8:186:Infinity":11,"b:199:27:199:62:199:62:199:Infinity":12,"b:202:29:202:46:202:46:202:Infinity":13,"b:204:28:204:40:204:40:204:Infinity":14,"b:212:9:212:Infinity:213:10:215:Infinity":15,"b:225:43:225:51:225:51:225:Infinity":16,"b:233:20:233:37:233:37:233:Infinity":17}}}
,"/Users/tanasatit/personal project/barvidva-kasetfair/frontend/src/utils/orderUtils.ts": {"path":"/Users/tanasatit/personal project/barvidva-kasetfair/frontend/src/utils/orderUtils.ts","statementMap":{"0":{"start":{"line":13,"column":14},"end":{"line":13,"column":null}},"1":{"start":{"line":14,"column":21},"end":{"line":14,"column":null}},"2":{"start":{"line":15,"column":16},"end":{"line":15,"column":null}},"3":{"start":{"line":18,"column":19},"end":{"line":18,"column":null}},"4":{"start":{"line":20,"column":2},"end":{"line":20,"column":null}},"5":{"start":{"line":28,"column":14},"end":{"line":28,"column":null}},"6":{"start":{"line":29,"column":2},"end":{"line":29,"column":null}},"7":{"start":{"line":42,"column":2},"end":{"line":44,"column":null}},"8":{"start":{"line":43,"column":4},"end":{"line":43,"column":null}},"9":{"start":{"line":46,"column":2},"end":{"line":50,"column":null}},"10":{"start":{"line":57,"column":2},"end":{"line":57,"column":null}},"11":{"start":{"line":57,"column":37},"end":{"line":57,"column":71}},"12":{"start":{"line":64,"column":2},"end":{"line":69,"column":null}},"13":{"start":{"line":64,"column":30},"end":{"line":69,"column":4}},"14":{"start":{"line":76,"column":2},"end":{"line":76,"column":null}},"15":{"start":{"line":86,"column":2},"end":{"line":86,"column":null}},"16":{"start":{"line":93,"column":18},"end":{"line":93,"column":null}},"17":{"start":{"line":94,"column":2},"end":{"line":96,"column":null}},"18":{"start":{"line":95,"column":4},"end":{"line":95,"column":null}},"19":{"start":{"line":97,"column":2},"end":{"line":99,"column":null}},"20":{"start":{"line":98,"column":4},"end":{"line":98,"column":null}},"21":{"start":{"line":100,"column":2},"end":{"line":102,"column":null}},"22":{"start":{"line":101,"column":4},"end":{"line":101,"column":null}},"23":{"start":{"line":103,"column":2},"end":{"line":103,"column":null}}},"fnMap":{"0":{"name":"generateOrderId","decl":{"start":{"line":12,"column":16},"end":{"line":12,"column":42}},"loc":{"start":{"line":12,"column":42},"end":{"line":21,"column":null}},"line":12},"1":{"name":"getCurrentDateKey","decl":{"start":{"line":27,"column":16},"end":{"line":27,"column":44}},"loc":{"start":{"line":27,"column":44},"end":{"line":30,"column":null}},"line":27},"2":{"name":"parseOrderId","decl":{"start":{"line":37,"column":16},"end":{"line":37,"column":29}},"loc":{"start":{"line":41,"column":2},"end":{"line":51,"column":null}},"line":41},"3":{"name":"calculateTotal","decl":{"start":{"line":56,"column":16},"end":{"line":56,"column":31}},"loc":{"start":{"line":56,"column":58},"end":{"line":58,"column":null}},"line":56},"4":{"name":"(anonymous_4)","decl":{"start":{"line":57,"column":22},"end":{"line":57,"column":23}},"loc":{"start":{"line":57,"column":37},"end":{"line":57,"column":71}},"line":57},"5":{"name":"cartToOrderItems","decl":{"start":{"line":63,"column":16},"end":{"line":63,"column":33}},"loc":{"start":{"line":63,"column":65},"end":{"line":70,"column":null}},"line":63},"6":{"name":"(anonymous_6)","decl":{"start":{"line":64,"column":19},"end":{"line":64,"column":20}},"loc":{"start":{"line":64,"column":30},"end":{"line":69,"column":4}},"line":64},"7":{"name":"formatPrice","decl":{"start":{"line":75,"column":16},"end":{"line":75,"column":28}},"loc":{"start":{"line":75,"column":51},"end":{"line":77,"column":null}},"line":75},"8":{"name":"getCurrentDay","decl":{"start":{"line":84,"column":16},"end":{"line":84,"column":40}},"loc":{"start":{"line":84,"column":40},"end":{"line":87,"column":null}},"line":84},"9":{"name":"validateCustomerName","decl":{"start":{"line":92,"column":16},"end":{"line":92,"column":37}},"loc":{"start":{"line":92,"column":66},"end":{"line":104,"column":null}},"line":92}},"branchMap":{"0":{"loc":{"start":{"line":42,"column":2},"end":{"line":44,"column":null}},"type":"if","locations":[{"start":{"line":42,"column":2},"end":{"line":44,"column":null}},{"start":{},"end":{}}],"line":42},"1":{"loc":{"start":{"line":94,"column":2},"end":{"line":96,"column":null}},"type":"if","locations":[{"start":{"line":94,"column":2},"end":{"line":96,"column":null}},{"start":{},"end":{}}],"line":94},"2":{"loc":{"start":{"line":97,"column":2},"end":{"line":99,"column":null}},"type":"if","locations":[{"start":{"line":97,"column":2},"end":{"line":99,"column":null}},{"start":{},"end":{}}],"line":97},"3":{"loc":{"start":{"line":100,"column":2},"end":{"line":102,"column":null}},"type":"if","locations":[{"start":{"line":100,"column":2},"end":{"line":102,"column":null}},{"start":{},"end":{}}],"line":100}},"s":{"0":3,"1":3,"2":3,"3":3,"4":3,"5":6,"6":6,"7":4,"8":2,"9":2,"10":61,"11":48,"12":4,"13":4,"14":245,"15":0,"16":68,"17":68,"18":28,"19":40,"20":9,"21":31,"22":1,"23":30},"f":{"0":3,"1":6,"2":4,"3":61,"4":48,"5":4,"6":4,"7":245,"8":0,"9":68},"b":{"0":[2,2],"1":[28,40],"2":[9,31],"3":[1,30]},"meta":{"lastBranch":4,"lastFunction":10,"lastStatement":24,"seen":{"f:12:16:12:42":0,"s:13:14:13:Infinity":0,"s:14:21:14:Infinity":1,"s:15:16:15:Infinity":2,"s:18:19:18:Infinity":3,"s:20:2:20:Infinity":4,"f:27:16:27:44":1,"s:28:14:28:Infinity":5,"s:29:2:29:Infinity":6,"f:37:16:37:29":2,"b:42:2:44:Infinity:undefined:undefined:undefined:undefined":0,"s:42:2:44:Infinity":7,"s:43:4:43:Infinity":8,"s:46:2:50:Infinity":9,"f:56:16:56:31":3,"s:57:2:57:Infinity":10,"f:57:22:57:23":4,"s:57:37:57:71":11,"f:63:16:63:33":5,"s:64:2:69:Infinity":12,"f:64:19:64:20":6,"s:64:30:69:4":13,"f:75:16:75:28":7,"s:76:2:76:Infinity":14,"f:84:16:84:40":8,"s:86:2:86:Infinity":15,"f:92:16:92:37":9,"s:93:18:93:Infinity":16,"b:94:2:96:Infinity:undefined:undefined:undefined:undefined":1,"s:94:2:96:Infinity":17,"s:95:4:95:Infinity":18,"b:97:2:99:Infinity:undefined:undefined:undefined:undefined":2,"s:97:2:99:Infinity":19,"s:98:4:98:Infinity":20,"b:100:2:102:Infinity:undefined:undefined:undefined:undefined":3,"s:100:2:102:Infinity":21,"s:101:4:101:Infinity":22,"s:103:2:103:Infinity":23}}}
,"/Users/tanasatit/personal project/barvidva-kasetfair/frontend/src/utils/promptpay.ts": {"path":"/Users/tanasatit/personal project/barvidva-kasetfair/frontend/src/utils/promptpay.ts","statementMap":{"0":{"start":{"line":19,"column":18},"end":{"line":19,"column":null}},"1":{"start":{"line":23,"column":2},"end":{"line":23,"column":null}},"2":{"start":{"line":33,"column":18},"end":{"line":33,"column":null}},"3":{"start":{"line":36,"column":2},"end":{"line":38,"column":null}},"4":{"start":{"line":37,"column":4},"end":{"line":37,"column":null}},"5":{"start":{"line":41,"column":2},"end":{"line":43,"column":null}},"6":{"start":{"line":42,"column":4},"end":{"line":42,"column":null}},"7":{"start":{"line":45,"column":2},"end":{"line":45,"column":null}},"8":{"start":{"line":55,"column":18},"end":{"line":55,"column":null}},"9":{"start":{"line":60,"column":2},"end":{"line":72,"column":null}},"10":{"start":{"line":62,"column":4},"end":{"line":62,"column":null}},"11":{"start":{"line":63,"column":2},"end":{"line":72,"column":null}},"12":{"start":{"line":65,"column":4},"end":{"line":65,"column":null}},"13":{"start":{"line":66,"column":2},"end":{"line":72,"column":null}},"14":{"start":{"line":68,"column":4},"end":{"line":68,"column":null}},"15":{"start":{"line":71,"column":4},"end":{"line":71,"column":null}},"16":{"start":{"line":75,"column":2},"end":{"line":75,"column":null}}},"fnMap":{"0":{"name":"generatePromptPayPayload","decl":{"start":{"line":17,"column":16},"end":{"line":17,"column":41}},"loc":{"start":{"line":17,"column":87},"end":{"line":24,"column":null}},"line":17},"1":{"name":"validatePromptPayAccount","decl":{"start":{"line":32,"column":16},"end":{"line":32,"column":41}},"loc":{"start":{"line":32,"column":71},"end":{"line":46,"column":null}},"line":32},"2":{"name":"formatAccountForDisplay","decl":{"start":{"line":54,"column":16},"end":{"line":54,"column":40}},"loc":{"start":{"line":54,"column":69},"end":{"line":76,"column":null}},"line":54}},"branchMap":{"0":{"loc":{"start":{"line":23,"column":44},"end":{"line":23,"column":86}},"type":"cond-expr","locations":[{"start":{"line":23,"column":67},"end":{"line":23,"column":76}},{"start":{"line":23,"column":76},"end":{"line":23,"column":86}}],"line":23},"1":{"loc":{"start":{"line":23,"column":44},"end":{"line":23,"column":67}},"type":"binary-expr","locations":[{"start":{"line":23,"column":44},"end":{"line":23,"column":54}},{"start":{"line":23,"column":54},"end":{"line":23,"column":67}}],"line":23},"2":{"loc":{"start":{"line":36,"column":2},"end":{"line":38,"column":null}},"type":"if","locations":[{"start":{"line":36,"column":2},"end":{"line":38,"column":null}},{"start":{},"end":{}}],"line":36},"3":{"loc":{"start":{"line":36,"column":6},"end":{"line":36,"column":56}},"type":"binary-expr","locations":[{"start":{"line":36,"column":6},"end":{"line":36,"column":31}},{"start":{"line":36,"column":31},"end":{"line":36,"column":56}}],"line":36},"4":{"loc":{"start":{"line":41,"column":2},"end":{"line":43,"column":null}},"type":"if","locations":[{"start":{"line":41,"column":2},"end":{"line":43,"column":null}},{"start":{},"end":{}}],"line":41},"5":{"loc":{"start":{"line":41,"column":6},"end":{"line":41,"column":57}},"type":"binary-expr","locations":[{"start":{"line":41,"column":6},"end":{"line":41,"column":31}},{"start":{"line":41,"column":31},"end":{"line":41,"column":57}}],"line":41},"6":{"loc":{"start":{"line":60,"column":2},"end":{"line":72,"column":null}},"type":"if","locations":[{"start":{"line":60,"column":2},"end":{"line":72,"column":null}},{"start":{"line":63,"column":2},"end":{"line":72,"column":null}}],"line":60},"7":{"loc":{"start":{"line":60,"column":6},"end":{"line":60,"column":59}},"type":"binary-expr","locations":[{"start":{"line":60,"column":6},"end":{"line":60,"column":36}},{"start":{"line":60,"column":36},"end":{"line":60,"column":59}}],"line":60},"8":{"loc":{"start":{"line":63,"column":2},"end":{"line":72,"column":null}},"type":"if","locations":[{"start":{"line":63,"column":2},"end":{"line":72,"column":null}},{"start":{"line":66,"column":2},"end":{"line":72,"column":null}}],"line":63},"9":{"loc":{"start":{"line":63,"column":13},"end":{"line":63,"column":64}},"type":"binary-expr","locations":[{"start":{"line":63,"column":13},"end":{"line":63,"column":41}},{"start":{"line":63,"column":41},"end":{"line":63,"column":64}}],"line":63},"10":{"loc":{"start":{"line":66,"column":2},"end":{"line":72,"column":null}},"type":"if","locations":[{"start":{"line":66,"column":2},"end":{"line":72,"column":null}},{"start":{"line":69,"column":9},"end":{"line":72,"column":null}}],"line":66},"11":{"loc":{"start":{"line":66,"column":13},"end":{"line":66,"column":63}},"type":"binary-expr","locations":[{"start":{"line":66,"column":13},"end":{"line":66,"column":40}},{"start":{"line":66,"column":40},"end":{"line":66,"column":63}}],"line":66}},"s":{"0":7,"1":7,"2":12,"3":12,"4":5,"5":7,"6":2,"7":5,"8":8,"9":8,"10":1,"11":7,"12":2,"13":5,"14":3,"15":2,"16":6},"f":{"0":7,"1":12,"2":8},"b":{"0":[1,6],"1":[7,1],"2":[5,7],"3":[12,6],"4":[2,5],"5":[7,3],"6":[1,7],"7":[8,1],"8":[2,5],"9":[7,2],"10":[3,2],"11":[5,3]},"meta":{"lastBranch":12,"lastFunction":3,"lastStatement":17,"seen":{"f:17:16:17:41":0,"s:19:18:19:Infinity":0,"s:23:2:23:Infinity":1,"b:23:67:23:76:23:76:23:86":0,"b:23:44:23:54:23:54:23:67":1,"f:32:16:32:41":1,"s:33:18:33:Infinity":2,"b:36:2:38:Infinity:undefined:undefined:undefined:undefined":2,"s:36:2:38:Infinity":3,"b:36:6:36:31:36:31:36:56":3,"s:37:4:37:Infinity":4,"b:41:2:43:Infinity:undefined:undefined:undefined:undefined":4,"s:41:2:43:Infinity":5,"b:41:6:41:31:41:31:41:57":5,"s:42:4:42:Infinity":6,"s:45:2:45:Infinity":7,"f:54:16:54:40":2,"s:55:18:55:Infinity":8,"b:60:2:72:Infinity:63:2:72:Infinity":6,"s:60:2:72:Infinity":9,"b:60:6:60:36:60:36:60:59":7,"s:62:4:62:Infinity":10,"b:63:2:72:Infinity:66:2:72:Infinity":8,"s:63:2:72:Infinity":11,"b:63:13:63:41:63:41:63:64":9,"s:65:4:65:Infinity":12,"b:66:2:72:Infinity:69:9:72:Infinity":10,"s:66:2:72:Infinity":13,"b:66:13:66:40:66:40:66:63":11,"s:68:4:68:Infinity":14,"s:71:4:71:Infinity":15,"s:75:2:75:Infinity":16}}}
}
